<?xml version="1.0" encoding="UTF-8"?>
<!-- Generated by org.testng.reporters.JUnitReportReporter -->
<testsuite hostname="PUNITP406437D" name="Prat" tests="1" failures="0" timestamp="27 Jun 2017 13:44:43 GMT" time="7.691" errors="0">
  <testcase name="maincase" time="7.691" classname="Prat"/>
</testsuite> <!-- Prat -->
