<?xml version="1.0" encoding="UTF-8"?>
<!-- Generated by org.testng.reporters.JUnitReportReporter -->
<testsuite hostname="PUNITP406437D" name="abc" tests="1" failures="0" timestamp="6 Sep 2017 09:38:55 GMT" time="0.016" errors="0">
  <testcase name="maincase" time="0.016" classname="abc"/>
</testsuite> <!-- abc -->
