<?xml version="1.0" encoding="UTF-8"?>
<!-- Generated by org.testng.reporters.JUnitReportReporter -->
<testsuite hostname="PUNITP406437D" name="Prat1" tests="1" failures="0" timestamp="27 Jun 2017 13:44:43 GMT" time="0.000" errors="0">
  <testcase name="maincase" time="0.000" classname="Prat1"/>
</testsuite> <!-- Prat1 -->
